---
driver=<class 'textual.drivers.linux_driver.LinuxDriver'>
Load() >>> DevSetup(title='Textual')
Mount() >>> DevSetup(title='Textual Application')
Mount() >>> DockView(name='DockView#1')
Mount() >>> Header('')
Mount() >>> ScrollView(name='ScrollView#2')
Mount() >>> ScrollView(name='ScrollView#2')
Mount() >>> ScrollView(name='ScrollView#1')
Mount() >>> ScrollView(name='ScrollView#1')
Mount() >>> WindowView(name='WindowView#2')
Mount() >>> WindowView(name='WindowView#1')
WindowChange(WindowView(name='WindowView#2')) >>> ScrollView(name='ScrollView#2')
WindowChange(WindowView(name='WindowView#2')) >>> ScrollView(name='ScrollView#2')
WindowChange(WindowView(name='WindowView#2')) >>> ScrollView(name='ScrollView#2')
WindowChange(WindowView(name='WindowView#1')) >>> ScrollView(name='ScrollView#1')
WindowChange(WindowView(name='WindowView#2')) >>> ScrollView(name='ScrollView#2')
set_focus Button(name='config')
MouseDown(x=23, y=0, screen_y=3, button=1) >>> Button(name='config')
MouseUp(x=23, y=0, screen_y=3, button=1) >>> Button(name='config')
Click(x=23, y=0, screen_y=3, button=1) >>> Button(name='config')
set_focus Button(name='config')
MouseDown(x=23, y=0, screen_y=3, button=1) >>> Button(name='config')
MouseUp(x=23, y=0, screen_y=3, button=1) >>> Button(name='config')
Click(x=23, y=0, screen_y=3, button=1) >>> Button(name='config')
set_focus Button(name='config')
MouseDown(x=23, y=0, screen_y=3, button=1) >>> Button(name='config')
MouseUp(x=23, y=0, screen_y=3, button=1) >>> Button(name='config')
Click(x=23, y=0, screen_y=3, button=1) >>> Button(name='config')
set_focus Button(name='config')
MouseDown(x=23, y=0, screen_y=3, button=1) >>> Button(name='config')
MouseUp(x=23, y=0, screen_y=3, button=1) >>> Button(name='config')
Click(x=23, y=0, screen_y=3, button=1) >>> Button(name='config')
set_focus Button(name='config')
MouseDown(x=23, y=0, screen_y=3, button=1) >>> Button(name='config')
MouseUp(x=23, y=0, screen_y=3, button=1) >>> Button(name='config')
Click(x=23, y=0, screen_y=3, button=1) >>> Button(name='config')
set_focus Button(name='config')
MouseDown(x=23, y=0, screen_y=3, button=1) >>> Button(name='config')
MouseUp(x=23, y=0, screen_y=3, button=1) >>> Button(name='config')
Click(x=23, y=0, screen_y=3, button=1) >>> Button(name='config')
Leave() >>> Footer(keys=[])
set_focus Button(name='config')
MouseDown(x=33, y=0, screen_y=3, button=1) >>> Button(name='config')
MouseUp(x=33, y=0, screen_y=3, button=1) >>> Button(name='config')
Click(x=33, y=0, screen_y=3, button=1) >>> Button(name='config')
set_focus Button(name='config')
MouseDown(x=33, y=0, screen_y=3, button=1) >>> Button(name='config')
MouseUp(x=33, y=0, screen_y=3, button=1) >>> Button(name='config')
Click(x=33, y=0, screen_y=3, button=1) >>> Button(name='config')
set_focus Button(name='config')
MouseDown(x=33, y=0, screen_y=3, button=1) >>> Button(name='config')
MouseUp(x=33, y=0, screen_y=3, button=1) >>> Button(name='config')
Click(x=33, y=0, screen_y=3, button=1) >>> Button(name='config')
set_focus Button(name='config')
MouseDown(x=33, y=0, screen_y=3, button=1) >>> Button(name='config')
MouseUp(x=33, y=0, screen_y=3, button=1) >>> Button(name='config')
Click(x=33, y=0, screen_y=3, button=1) >>> Button(name='config')
set_focus Header('Textual Application')
MouseDown(x=67, y=2, button=1) >>> Header('Textual Application')
MouseUp(x=67, y=2, button=1) >>> Header('Textual Application')
Click(x=67, y=2, button=1) >>> Header('Textual Application')
Click(x=67, y=2, button=1) >>> Header('Textual Application')
WindowChange(WindowView(name='WindowView#2')) >>> ScrollView(name='ScrollView#2')
WindowChange(WindowView(name='WindowView#2')) >>> ScrollView(name='ScrollView#2')
WindowChange(WindowView(name='WindowView#1')) >>> ScrollView(name='ScrollView#1')
WindowChange(WindowView(name='WindowView#1')) >>> ScrollView(name='ScrollView#1')
